[4.073s] colcon DEBUG Command line arguments: ['/usr/bin/colcon', 'build', '--symlink-install']
[4.073s] colcon DEBUG Parsed command line arguments: Namespace(allow_overriding=[], ament_cmake_args=None, base_paths=['.'], build_base='build', catkin_cmake_args=None, catkin_skip_building_tests=False, cmake_args=None, cmake_clean_cache=False, cmake_clean_first=False, cmake_force_configure=False, cmake_target=None, cmake_target_skip_unavailable=False, continue_on_error=False, event_handlers=None, executor='parallel', ignore_user_meta=False, install_base='install', log_base=None, log_level=None, main=<bound method BuildVerb.main of <colcon_core.verb.build.BuildVerb object at 0xffffb79b4d90>>, merge_install=False, metas=['./colcon.meta'], packages_above=None, packages_above_and_dependencies=None, packages_above_depth=None, packages_end=None, packages_ignore=None, packages_ignore_regex=None, packages_select=None, packages_select_build_failed=False, packages_select_by_dep=None, packages_select_regex=None, packages_select_test_failures=False, packages_skip=None, packages_skip_build_finished=False, packages_skip_by_dep=None, packages_skip_regex=None, packages_skip_test_passed=False, packages_skip_up_to=None, packages_start=None, packages_up_to=None, packages_up_to_regex=None, parallel_workers=12, paths=None, symlink_install=True, test_result_base=None, verb_extension=<colcon_core.verb.build.BuildVerb object at 0xffffb79b4d90>, verb_name='build', verb_parser=<colcon_defaults.argument_parser.defaults.DefaultArgumentsDecorator object at 0xffffb7919a90>)
[4.269s] colcon.colcon_core.package_discovery Level 1 discover_packages(colcon_meta) check parameters
[4.270s] colcon.colcon_core.package_discovery Level 1 discover_packages(recursive) check parameters
[4.270s] colcon.colcon_core.package_discovery Level 1 discover_packages(ignore) check parameters
[4.270s] colcon.colcon_core.package_discovery Level 1 discover_packages(path) check parameters
[4.270s] colcon.colcon_core.package_discovery Level 1 discover_packages(colcon_meta) discover
[4.270s] colcon.colcon_core.package_discovery Level 1 discover_packages(recursive) discover
[4.270s] colcon.colcon_core.package_discovery INFO Crawling recursively for packages in '/home/nvidia/vcii/wudi/Box_AD/ROS2_Hybrid_A_Star'
[4.271s] colcon.colcon_core.package_identification Level 1 _identify(.) by extensions ['ignore', 'ignore_ament_install']
[4.271s] colcon.colcon_core.package_identification Level 1 _identify(.) by extension 'ignore'
[4.271s] colcon.colcon_core.package_identification Level 1 _identify(.) by extension 'ignore_ament_install'
[4.271s] colcon.colcon_core.package_identification Level 1 _identify(.) by extensions ['colcon_pkg']
[4.271s] colcon.colcon_core.package_identification Level 1 _identify(.) by extension 'colcon_pkg'
[4.271s] colcon.colcon_core.package_identification Level 1 _identify(.) by extensions ['colcon_meta']
[4.271s] colcon.colcon_core.package_identification Level 1 _identify(.) by extension 'colcon_meta'
[4.271s] colcon.colcon_core.package_identification Level 1 _identify(.) by extensions ['ros']
[4.271s] colcon.colcon_core.package_identification Level 1 _identify(.) by extension 'ros'
[4.294s] colcon.colcon_core.package_identification DEBUG Package '.' with type 'ros.ament_cmake' and name 'ros2_hybrid_a_star'
[4.294s] colcon.colcon_core.package_discovery Level 1 discover_packages(recursive) using defaults
[4.294s] colcon.colcon_core.package_discovery Level 1 discover_packages(ignore) discover
[4.294s] colcon.colcon_core.package_discovery Level 1 discover_packages(ignore) using defaults
[4.294s] colcon.colcon_core.package_discovery Level 1 discover_packages(path) discover
[4.294s] colcon.colcon_core.package_discovery Level 1 discover_packages(path) using defaults
[4.654s] colcon.colcon_core.package_discovery Level 1 discover_packages(prefix_path) check parameters
[4.654s] colcon.colcon_core.package_discovery Level 1 discover_packages(prefix_path) discover
[4.793s] colcon.colcon_installed_package_information.package_discovery DEBUG Found 1 installed packages in /home/nvidia/vcii/pointpillar_ros_version/install
[4.864s] colcon.colcon_installed_package_information.package_discovery DEBUG Found 273 installed packages in /opt/ros/foxy
[4.866s] colcon.colcon_core.package_discovery Level 1 discover_packages(prefix_path) using defaults
[5.139s] colcon.colcon_core.verb Level 5 set package 'ros2_hybrid_a_star' build argument 'cmake_args' from command line to 'None'
[5.140s] colcon.colcon_core.verb Level 5 set package 'ros2_hybrid_a_star' build argument 'cmake_target' from command line to 'None'
[5.140s] colcon.colcon_core.verb Level 5 set package 'ros2_hybrid_a_star' build argument 'cmake_target_skip_unavailable' from command line to 'False'
[5.140s] colcon.colcon_core.verb Level 5 set package 'ros2_hybrid_a_star' build argument 'cmake_clean_cache' from command line to 'False'
[5.140s] colcon.colcon_core.verb Level 5 set package 'ros2_hybrid_a_star' build argument 'cmake_clean_first' from command line to 'False'
[5.140s] colcon.colcon_core.verb Level 5 set package 'ros2_hybrid_a_star' build argument 'cmake_force_configure' from command line to 'False'
[5.140s] colcon.colcon_core.verb Level 5 set package 'ros2_hybrid_a_star' build argument 'ament_cmake_args' from command line to 'None'
[5.140s] colcon.colcon_core.verb Level 5 set package 'ros2_hybrid_a_star' build argument 'catkin_cmake_args' from command line to 'None'
[5.140s] colcon.colcon_core.verb Level 5 set package 'ros2_hybrid_a_star' build argument 'catkin_skip_building_tests' from command line to 'False'
[5.140s] colcon.colcon_core.verb DEBUG Building package 'ros2_hybrid_a_star' with the following arguments: {'ament_cmake_args': None, 'build_base': '/home/nvidia/vcii/wudi/Box_AD/ROS2_Hybrid_A_Star/build/ros2_hybrid_a_star', 'catkin_cmake_args': None, 'catkin_skip_building_tests': False, 'cmake_args': None, 'cmake_clean_cache': False, 'cmake_clean_first': False, 'cmake_force_configure': False, 'cmake_target': None, 'cmake_target_skip_unavailable': False, 'install_base': '/home/nvidia/vcii/wudi/Box_AD/ROS2_Hybrid_A_Star/install/ros2_hybrid_a_star', 'merge_install': False, 'path': '/home/nvidia/vcii/wudi/Box_AD/ROS2_Hybrid_A_Star', 'symlink_install': True, 'test_result_base': None}
[5.207s] colcon.colcon_core.executor INFO Executing jobs using 'parallel' executor
[5.276s] colcon.colcon_parallel_executor.executor.parallel DEBUG run_until_complete
[5.276s] colcon.colcon_ros.task.ament_cmake.build INFO Building ROS package in '/home/nvidia/vcii/wudi/Box_AD/ROS2_Hybrid_A_Star' with build type 'ament_cmake'
[5.277s] colcon.colcon_cmake.task.cmake.build INFO Building CMake package in '/home/nvidia/vcii/wudi/Box_AD/ROS2_Hybrid_A_Star'
[5.347s] colcon.colcon_core.plugin_system INFO Skipping extension 'colcon_core.shell.bat': Not used on non-Windows systems
[5.348s] colcon.colcon_core.shell INFO Skip shell extension 'powershell' for command environment: Not usable outside of PowerShell
[5.348s] colcon.colcon_core.shell DEBUG Skip shell extension 'dsv' for command environment
[5.577s] colcon.colcon_core.event_handler.log_command DEBUG Invoking command in '/home/nvidia/vcii/wudi/Box_AD/ROS2_Hybrid_A_Star/build/ros2_hybrid_a_star': CMAKE_PREFIX_PATH=${CMAKE_PREFIX_PATH}:/opt/ros/foxy /usr/bin/cmake --build /home/nvidia/vcii/wudi/Box_AD/ROS2_Hybrid_A_Star/build/ros2_hybrid_a_star -- -j12 -l12
[11.691s] colcon.colcon_core.event_handler.log_command DEBUG Invoked command in '/home/nvidia/vcii/wudi/Box_AD/ROS2_Hybrid_A_Star/build/ros2_hybrid_a_star' returned '0': CMAKE_PREFIX_PATH=${CMAKE_PREFIX_PATH}:/opt/ros/foxy /usr/bin/cmake --build /home/nvidia/vcii/wudi/Box_AD/ROS2_Hybrid_A_Star/build/ros2_hybrid_a_star -- -j12 -l12
[11.780s] colcon.colcon_core.event_handler.log_command DEBUG Invoking command in '/home/nvidia/vcii/wudi/Box_AD/ROS2_Hybrid_A_Star/build/ros2_hybrid_a_star': CMAKE_PREFIX_PATH=${CMAKE_PREFIX_PATH}:/opt/ros/foxy /usr/bin/cmake --install /home/nvidia/vcii/wudi/Box_AD/ROS2_Hybrid_A_Star/build/ros2_hybrid_a_star
[11.851s] colcon.colcon_core.environment Level 1 create_environment_scripts_only(ros2_hybrid_a_star)
[11.853s] colcon.colcon_core.event_handler.log_command DEBUG Invoked command in '/home/nvidia/vcii/wudi/Box_AD/ROS2_Hybrid_A_Star/build/ros2_hybrid_a_star' returned '0': CMAKE_PREFIX_PATH=${CMAKE_PREFIX_PATH}:/opt/ros/foxy /usr/bin/cmake --install /home/nvidia/vcii/wudi/Box_AD/ROS2_Hybrid_A_Star/build/ros2_hybrid_a_star
[11.933s] colcon.colcon_core.environment Level 1 checking '/home/nvidia/vcii/wudi/Box_AD/ROS2_Hybrid_A_Star/install/ros2_hybrid_a_star' for CMake module files
[11.934s] colcon.colcon_core.environment Level 1 checking '/home/nvidia/vcii/wudi/Box_AD/ROS2_Hybrid_A_Star/install/ros2_hybrid_a_star' for CMake config files
[11.935s] colcon.colcon_core.shell Level 1 create_environment_hook('ros2_hybrid_a_star', 'cmake_prefix_path')
[12.005s] colcon.colcon_core.shell INFO Creating environment hook '/home/nvidia/vcii/wudi/Box_AD/ROS2_Hybrid_A_Star/install/ros2_hybrid_a_star/share/ros2_hybrid_a_star/hook/cmake_prefix_path.ps1'
[12.007s] colcon.colcon_core.shell INFO Creating environment descriptor '/home/nvidia/vcii/wudi/Box_AD/ROS2_Hybrid_A_Star/install/ros2_hybrid_a_star/share/ros2_hybrid_a_star/hook/cmake_prefix_path.dsv'
[12.008s] colcon.colcon_core.shell INFO Creating environment hook '/home/nvidia/vcii/wudi/Box_AD/ROS2_Hybrid_A_Star/install/ros2_hybrid_a_star/share/ros2_hybrid_a_star/hook/cmake_prefix_path.sh'
[12.009s] colcon.colcon_core.environment Level 1 checking '/home/nvidia/vcii/wudi/Box_AD/ROS2_Hybrid_A_Star/install/ros2_hybrid_a_star/lib'
[12.010s] colcon.colcon_core.environment Level 1 checking '/home/nvidia/vcii/wudi/Box_AD/ROS2_Hybrid_A_Star/install/ros2_hybrid_a_star/bin'
[12.010s] colcon.colcon_core.environment Level 1 checking '/home/nvidia/vcii/wudi/Box_AD/ROS2_Hybrid_A_Star/install/ros2_hybrid_a_star/lib/pkgconfig/ros2_hybrid_a_star.pc'
[12.010s] colcon.colcon_core.environment Level 1 checking '/home/nvidia/vcii/wudi/Box_AD/ROS2_Hybrid_A_Star/install/ros2_hybrid_a_star/lib/python3.8/site-packages'
[12.011s] colcon.colcon_core.environment Level 1 checking '/home/nvidia/vcii/wudi/Box_AD/ROS2_Hybrid_A_Star/install/ros2_hybrid_a_star/bin'
[12.079s] colcon.colcon_core.shell INFO Creating package script '/home/nvidia/vcii/wudi/Box_AD/ROS2_Hybrid_A_Star/install/ros2_hybrid_a_star/share/ros2_hybrid_a_star/package.ps1'
[12.081s] colcon.colcon_core.shell INFO Creating package descriptor '/home/nvidia/vcii/wudi/Box_AD/ROS2_Hybrid_A_Star/install/ros2_hybrid_a_star/share/ros2_hybrid_a_star/package.dsv'
[12.082s] colcon.colcon_core.shell INFO Creating package script '/home/nvidia/vcii/wudi/Box_AD/ROS2_Hybrid_A_Star/install/ros2_hybrid_a_star/share/ros2_hybrid_a_star/package.sh'
[12.084s] colcon.colcon_core.shell INFO Creating package script '/home/nvidia/vcii/wudi/Box_AD/ROS2_Hybrid_A_Star/install/ros2_hybrid_a_star/share/ros2_hybrid_a_star/package.bash'
[12.085s] colcon.colcon_core.shell INFO Creating package script '/home/nvidia/vcii/wudi/Box_AD/ROS2_Hybrid_A_Star/install/ros2_hybrid_a_star/share/ros2_hybrid_a_star/package.zsh'
[12.086s] colcon.colcon_core.environment Level 1 create_file_with_runtime_dependencies(/home/nvidia/vcii/wudi/Box_AD/ROS2_Hybrid_A_Star/install/ros2_hybrid_a_star/share/colcon-core/packages/ros2_hybrid_a_star)
[12.222s] colcon.colcon_core.environment Level 1 create_environment_scripts_only(ros2_hybrid_a_star)
[12.291s] colcon.colcon_core.environment Level 1 checking '/home/nvidia/vcii/wudi/Box_AD/ROS2_Hybrid_A_Star/install/ros2_hybrid_a_star' for CMake module files
[12.292s] colcon.colcon_core.environment Level 1 checking '/home/nvidia/vcii/wudi/Box_AD/ROS2_Hybrid_A_Star/install/ros2_hybrid_a_star' for CMake config files
[12.292s] colcon.colcon_core.shell Level 1 create_environment_hook('ros2_hybrid_a_star', 'cmake_prefix_path')
[12.362s] colcon.colcon_core.shell INFO Creating environment hook '/home/nvidia/vcii/wudi/Box_AD/ROS2_Hybrid_A_Star/install/ros2_hybrid_a_star/share/ros2_hybrid_a_star/hook/cmake_prefix_path.ps1'
[12.363s] colcon.colcon_core.shell INFO Creating environment descriptor '/home/nvidia/vcii/wudi/Box_AD/ROS2_Hybrid_A_Star/install/ros2_hybrid_a_star/share/ros2_hybrid_a_star/hook/cmake_prefix_path.dsv'
[12.364s] colcon.colcon_core.shell INFO Creating environment hook '/home/nvidia/vcii/wudi/Box_AD/ROS2_Hybrid_A_Star/install/ros2_hybrid_a_star/share/ros2_hybrid_a_star/hook/cmake_prefix_path.sh'
[12.365s] colcon.colcon_core.environment Level 1 checking '/home/nvidia/vcii/wudi/Box_AD/ROS2_Hybrid_A_Star/install/ros2_hybrid_a_star/lib'
[12.366s] colcon.colcon_core.environment Level 1 checking '/home/nvidia/vcii/wudi/Box_AD/ROS2_Hybrid_A_Star/install/ros2_hybrid_a_star/bin'
[12.366s] colcon.colcon_core.environment Level 1 checking '/home/nvidia/vcii/wudi/Box_AD/ROS2_Hybrid_A_Star/install/ros2_hybrid_a_star/lib/pkgconfig/ros2_hybrid_a_star.pc'
[12.366s] colcon.colcon_core.environment Level 1 checking '/home/nvidia/vcii/wudi/Box_AD/ROS2_Hybrid_A_Star/install/ros2_hybrid_a_star/lib/python3.8/site-packages'
[12.367s] colcon.colcon_core.environment Level 1 checking '/home/nvidia/vcii/wudi/Box_AD/ROS2_Hybrid_A_Star/install/ros2_hybrid_a_star/bin'
[12.434s] colcon.colcon_core.shell INFO Creating package script '/home/nvidia/vcii/wudi/Box_AD/ROS2_Hybrid_A_Star/install/ros2_hybrid_a_star/share/ros2_hybrid_a_star/package.ps1'
[12.436s] colcon.colcon_core.shell INFO Creating package descriptor '/home/nvidia/vcii/wudi/Box_AD/ROS2_Hybrid_A_Star/install/ros2_hybrid_a_star/share/ros2_hybrid_a_star/package.dsv'
[12.437s] colcon.colcon_core.shell INFO Creating package script '/home/nvidia/vcii/wudi/Box_AD/ROS2_Hybrid_A_Star/install/ros2_hybrid_a_star/share/ros2_hybrid_a_star/package.sh'
[12.438s] colcon.colcon_core.shell INFO Creating package script '/home/nvidia/vcii/wudi/Box_AD/ROS2_Hybrid_A_Star/install/ros2_hybrid_a_star/share/ros2_hybrid_a_star/package.bash'
[12.439s] colcon.colcon_core.shell INFO Creating package script '/home/nvidia/vcii/wudi/Box_AD/ROS2_Hybrid_A_Star/install/ros2_hybrid_a_star/share/ros2_hybrid_a_star/package.zsh'
[12.439s] colcon.colcon_core.environment Level 1 create_file_with_runtime_dependencies(/home/nvidia/vcii/wudi/Box_AD/ROS2_Hybrid_A_Star/install/ros2_hybrid_a_star/share/colcon-core/packages/ros2_hybrid_a_star)
[12.440s] colcon.colcon_parallel_executor.executor.parallel DEBUG closing loop
[12.441s] colcon.colcon_parallel_executor.executor.parallel DEBUG loop closed
[12.441s] colcon.colcon_parallel_executor.executor.parallel DEBUG run_until_complete finished with '0'
[12.441s] colcon.colcon_core.event_reactor DEBUG joining thread
[12.519s] colcon.colcon_core.plugin_system INFO Skipping extension 'colcon_notification.desktop_notification.terminal_notifier': Not used on non-Darwin systems
[12.519s] colcon.colcon_core.plugin_system INFO Skipping extension 'colcon_notification.desktop_notification.win32': Not used on non-Windows systems
[12.520s] colcon.colcon_notification.desktop_notification INFO Sending desktop notification using 'notify2'
[12.555s] colcon.colcon_core.event_reactor DEBUG joined thread
[12.669s] colcon.colcon_core.shell INFO Creating prefix script '/home/nvidia/vcii/wudi/Box_AD/ROS2_Hybrid_A_Star/install/local_setup.ps1'
[12.671s] colcon.colcon_core.shell INFO Creating prefix util module '/home/nvidia/vcii/wudi/Box_AD/ROS2_Hybrid_A_Star/install/_local_setup_util_ps1.py'
[12.673s] colcon.colcon_core.shell INFO Creating prefix chain script '/home/nvidia/vcii/wudi/Box_AD/ROS2_Hybrid_A_Star/install/setup.ps1'
[12.745s] colcon.colcon_core.shell INFO Creating prefix script '/home/nvidia/vcii/wudi/Box_AD/ROS2_Hybrid_A_Star/install/local_setup.sh'
[12.746s] colcon.colcon_core.shell INFO Creating prefix util module '/home/nvidia/vcii/wudi/Box_AD/ROS2_Hybrid_A_Star/install/_local_setup_util_sh.py'
[12.747s] colcon.colcon_core.shell INFO Creating prefix chain script '/home/nvidia/vcii/wudi/Box_AD/ROS2_Hybrid_A_Star/install/setup.sh'
[12.818s] colcon.colcon_core.shell INFO Creating prefix script '/home/nvidia/vcii/wudi/Box_AD/ROS2_Hybrid_A_Star/install/local_setup.bash'
[12.818s] colcon.colcon_core.shell INFO Creating prefix chain script '/home/nvidia/vcii/wudi/Box_AD/ROS2_Hybrid_A_Star/install/setup.bash'
[12.888s] colcon.colcon_core.shell INFO Creating prefix script '/home/nvidia/vcii/wudi/Box_AD/ROS2_Hybrid_A_Star/install/local_setup.zsh'
[12.889s] colcon.colcon_core.shell INFO Creating prefix chain script '/home/nvidia/vcii/wudi/Box_AD/ROS2_Hybrid_A_Star/install/setup.zsh'
