[4.058s] [34mcolcon[0m [1;30mDEBUG[0m [32mCommand line arguments: ['/usr/bin/colcon', 'build'][0m
[4.058s] [34mcolcon[0m [1;30mDEBUG[0m [32mParsed command line arguments: Namespace(allow_overriding=[], ament_cmake_args=None, base_paths=['.'], build_base='build', catkin_cmake_args=None, catkin_skip_building_tests=False, cmake_args=None, cmake_clean_cache=False, cmake_clean_first=False, cmake_force_configure=False, cmake_target=None, cmake_target_skip_unavailable=False, continue_on_error=False, event_handlers=None, executor='parallel', ignore_user_meta=False, install_base='install', log_base=None, log_level=None, main=<bound method BuildVerb.main of <colcon_core.verb.build.BuildVerb object at 0xffff87b8a310>>, merge_install=False, metas=['./colcon.meta'], packages_above=None, packages_above_and_dependencies=None, packages_above_depth=None, packages_end=None, packages_ignore=None, packages_ignore_regex=None, packages_select=None, packages_select_build_failed=False, packages_select_by_dep=None, packages_select_regex=None, packages_select_test_failures=False, packages_skip=None, packages_skip_build_finished=False, packages_skip_by_dep=None, packages_skip_regex=None, packages_skip_test_passed=False, packages_skip_up_to=None, packages_start=None, packages_up_to=None, packages_up_to_regex=None, parallel_workers=12, paths=None, symlink_install=False, test_result_base=None, verb_extension=<colcon_core.verb.build.BuildVerb object at 0xffff87b8a310>, verb_name='build', verb_parser=<colcon_defaults.argument_parser.defaults.DefaultArgumentsDecorator object at 0xffff87704760>)[0m
[4.250s] [34mcolcon.colcon_core.package_discovery[0m [1;30mLevel 1[0m discover_packages(colcon_meta) check parameters
[4.250s] [34mcolcon.colcon_core.package_discovery[0m [1;30mLevel 1[0m discover_packages(recursive) check parameters
[4.250s] [34mcolcon.colcon_core.package_discovery[0m [1;30mLevel 1[0m discover_packages(ignore) check parameters
[4.250s] [34mcolcon.colcon_core.package_discovery[0m [1;30mLevel 1[0m discover_packages(path) check parameters
[4.250s] [34mcolcon.colcon_core.package_discovery[0m [1;30mLevel 1[0m discover_packages(colcon_meta) discover
[4.250s] [34mcolcon.colcon_core.package_discovery[0m [1;30mLevel 1[0m discover_packages(recursive) discover
[4.250s] [34mcolcon.colcon_core.package_discovery[0m [1;30mINFO[0m Crawling recursively for packages in '/home/nvidia/vcii/wudi/Box_AD'
[4.251s] [34mcolcon.colcon_core.package_identification[0m [1;30mLevel 1[0m _identify(.) by extensions ['ignore', 'ignore_ament_install']
[4.251s] [34mcolcon.colcon_core.package_identification[0m [1;30mLevel 1[0m _identify(.) by extension 'ignore'
[4.251s] [34mcolcon.colcon_core.package_identification[0m [1;30mLevel 1[0m _identify(.) by extension 'ignore_ament_install'
[4.251s] [34mcolcon.colcon_core.package_identification[0m [1;30mLevel 1[0m _identify(.) by extensions ['colcon_pkg']
[4.251s] [34mcolcon.colcon_core.package_identification[0m [1;30mLevel 1[0m _identify(.) by extension 'colcon_pkg'
[4.251s] [34mcolcon.colcon_core.package_identification[0m [1;30mLevel 1[0m _identify(.) by extensions ['colcon_meta']
[4.251s] [34mcolcon.colcon_core.package_identification[0m [1;30mLevel 1[0m _identify(.) by extension 'colcon_meta'
[4.251s] [34mcolcon.colcon_core.package_identification[0m [1;30mLevel 1[0m _identify(.) by extensions ['ros']
[4.251s] [34mcolcon.colcon_core.package_identification[0m [1;30mLevel 1[0m _identify(.) by extension 'ros'
[4.273s] [34mcolcon.colcon_core.package_identification[0m [1;30mDEBUG[0m [32mPackage '.' with type 'ros.ament_python' and name 'Box_AD'[0m
[4.274s] [34mcolcon.colcon_core.package_discovery[0m [1;30mLevel 1[0m discover_packages(recursive) using defaults
[4.274s] [34mcolcon.colcon_core.package_discovery[0m [1;30mLevel 1[0m discover_packages(ignore) discover
[4.274s] [34mcolcon.colcon_core.package_discovery[0m [1;30mLevel 1[0m discover_packages(ignore) using defaults
[4.274s] [34mcolcon.colcon_core.package_discovery[0m [1;30mLevel 1[0m discover_packages(path) discover
[4.274s] [34mcolcon.colcon_core.package_discovery[0m [1;30mLevel 1[0m discover_packages(path) using defaults
[4.636s] [34mcolcon.colcon_core.package_discovery[0m [1;30mLevel 1[0m discover_packages(prefix_path) check parameters
[4.636s] [34mcolcon.colcon_core.package_discovery[0m [1;30mLevel 1[0m discover_packages(prefix_path) discover
[4.773s] [34mcolcon.colcon_installed_package_information.package_discovery[0m [1;30mDEBUG[0m [32mFound 1 installed packages in /home/nvidia/vcii/wudi/Box_AD/install[0m
[4.841s] [34mcolcon.colcon_installed_package_information.package_discovery[0m [1;30mDEBUG[0m [32mFound 1 installed packages in /home/nvidia/vcii/pointpillar_ros_version/install[0m
[4.910s] [34mcolcon.colcon_installed_package_information.package_discovery[0m [1;30mDEBUG[0m [32mFound 273 installed packages in /opt/ros/foxy[0m
[4.912s] [34mcolcon.colcon_core.package_discovery[0m [1;30mLevel 1[0m discover_packages(prefix_path) using defaults
[5.185s] [34mcolcon.colcon_core.verb[0m [1;30mLevel 5[0m set package 'Box_AD' build argument 'cmake_args' from command line to 'None'
[5.186s] [34mcolcon.colcon_core.verb[0m [1;30mLevel 5[0m set package 'Box_AD' build argument 'cmake_target' from command line to 'None'
[5.186s] [34mcolcon.colcon_core.verb[0m [1;30mLevel 5[0m set package 'Box_AD' build argument 'cmake_target_skip_unavailable' from command line to 'False'
[5.186s] [34mcolcon.colcon_core.verb[0m [1;30mLevel 5[0m set package 'Box_AD' build argument 'cmake_clean_cache' from command line to 'False'
[5.186s] [34mcolcon.colcon_core.verb[0m [1;30mLevel 5[0m set package 'Box_AD' build argument 'cmake_clean_first' from command line to 'False'
[5.186s] [34mcolcon.colcon_core.verb[0m [1;30mLevel 5[0m set package 'Box_AD' build argument 'cmake_force_configure' from command line to 'False'
[5.186s] [34mcolcon.colcon_core.verb[0m [1;30mLevel 5[0m set package 'Box_AD' build argument 'ament_cmake_args' from command line to 'None'
[5.186s] [34mcolcon.colcon_core.verb[0m [1;30mLevel 5[0m set package 'Box_AD' build argument 'catkin_cmake_args' from command line to 'None'
[5.186s] [34mcolcon.colcon_core.verb[0m [1;30mLevel 5[0m set package 'Box_AD' build argument 'catkin_skip_building_tests' from command line to 'False'
[5.186s] [34mcolcon.colcon_core.verb[0m [1;30mDEBUG[0m [32mBuilding package 'Box_AD' with the following arguments: {'ament_cmake_args': None, 'build_base': '/home/nvidia/vcii/wudi/Box_AD/build/Box_AD', 'catkin_cmake_args': None, 'catkin_skip_building_tests': False, 'cmake_args': None, 'cmake_clean_cache': False, 'cmake_clean_first': False, 'cmake_force_configure': False, 'cmake_target': None, 'cmake_target_skip_unavailable': False, 'install_base': '/home/nvidia/vcii/wudi/Box_AD/install/Box_AD', 'merge_install': False, 'path': '/home/nvidia/vcii/wudi/Box_AD', 'symlink_install': False, 'test_result_base': None}[0m
[5.253s] [34mcolcon.colcon_core.executor[0m [1;30mINFO[0m Executing jobs using 'parallel' executor
[5.323s] [34mcolcon.colcon_parallel_executor.executor.parallel[0m [1;30mDEBUG[0m [32mrun_until_complete[0m
[5.324s] [34mcolcon.colcon_ros.task.ament_python.build[0m [1;30mINFO[0m Building ROS package in '/home/nvidia/vcii/wudi/Box_AD' with build type 'ament_python'
[5.324s] [34mcolcon.colcon_core.shell[0m [1;30mLevel 1[0m create_environment_hook('Box_AD', 'ament_prefix_path')
[5.398s] [34mcolcon.colcon_core.plugin_system[0m [1;30mINFO[0m Skipping extension 'colcon_core.shell.bat': Not used on non-Windows systems
[5.399s] [34mcolcon.colcon_core.shell[0m [1;30mINFO[0m Creating environment hook '/home/nvidia/vcii/wudi/Box_AD/install/Box_AD/share/Box_AD/hook/ament_prefix_path.ps1'
[5.400s] [34mcolcon.colcon_core.shell[0m [1;30mINFO[0m Creating environment descriptor '/home/nvidia/vcii/wudi/Box_AD/install/Box_AD/share/Box_AD/hook/ament_prefix_path.dsv'
[5.401s] [34mcolcon.colcon_core.shell[0m [1;30mINFO[0m Creating environment hook '/home/nvidia/vcii/wudi/Box_AD/install/Box_AD/share/Box_AD/hook/ament_prefix_path.sh'
[5.473s] [34mcolcon.colcon_core.shell[0m [1;30mINFO[0m Skip shell extension 'powershell' for command environment: Not usable outside of PowerShell
[5.474s] [34mcolcon.colcon_core.shell[0m [1;30mDEBUG[0m [32mSkip shell extension 'dsv' for command environment[0m
[6.229s] [34mcolcon.colcon_core.task.python.build[0m [1;30mINFO[0m Building Python package in '/home/nvidia/vcii/wudi/Box_AD'
[6.303s] [34mcolcon.colcon_core.shell[0m [1;30mINFO[0m Skip shell extension 'powershell' for command environment: Not usable outside of PowerShell
[6.304s] [34mcolcon.colcon_core.shell[0m [1;30mDEBUG[0m [32mSkip shell extension 'dsv' for command environment[0m
[7.360s] [34mcolcon.colcon_core.event_handler.log_command[0m [1;30mDEBUG[0m [32mInvoking command in '/home/nvidia/vcii/wudi/Box_AD': PYTHONPATH=/home/nvidia/vcii/wudi/Box_AD/build/Box_AD/prefix_override:/home/nvidia/vcii/wudi/Box_AD/install/Box_AD/lib/python3.8/site-packages:${PYTHONPATH} /usr/bin/python3 setup.py egg_info --egg-base build/Box_AD build --build-base /home/nvidia/vcii/wudi/Box_AD/build/Box_AD/build install --record /home/nvidia/vcii/wudi/Box_AD/build/Box_AD/install.log --install-scripts $base/lib/Box_AD --single-version-externally-managed[0m
[7.915s] [34mcolcon.colcon_core.event_handler.log_command[0m [1;30mDEBUG[0m [32mInvoked command in '/home/nvidia/vcii/wudi/Box_AD' returned '0': PYTHONPATH=/home/nvidia/vcii/wudi/Box_AD/build/Box_AD/prefix_override:/home/nvidia/vcii/wudi/Box_AD/install/Box_AD/lib/python3.8/site-packages:${PYTHONPATH} /usr/bin/python3 setup.py egg_info --egg-base build/Box_AD build --build-base /home/nvidia/vcii/wudi/Box_AD/build/Box_AD/build install --record /home/nvidia/vcii/wudi/Box_AD/build/Box_AD/install.log --install-scripts $base/lib/Box_AD --single-version-externally-managed[0m
[7.994s] [34mcolcon.colcon_core.environment[0m [1;30mLevel 1[0m checking '/home/nvidia/vcii/wudi/Box_AD/install/Box_AD' for CMake module files
[7.995s] [34mcolcon.colcon_core.environment[0m [1;30mLevel 1[0m checking '/home/nvidia/vcii/wudi/Box_AD/install/Box_AD' for CMake config files
[7.997s] [34mcolcon.colcon_core.environment[0m [1;30mLevel 1[0m checking '/home/nvidia/vcii/wudi/Box_AD/install/Box_AD/lib'
[7.998s] [34mcolcon.colcon_core.environment[0m [1;30mLevel 1[0m checking '/home/nvidia/vcii/wudi/Box_AD/install/Box_AD/bin'
[7.998s] [34mcolcon.colcon_core.environment[0m [1;30mLevel 1[0m checking '/home/nvidia/vcii/wudi/Box_AD/install/Box_AD/lib/pkgconfig/Box_AD.pc'
[7.998s] [34mcolcon.colcon_core.environment[0m [1;30mLevel 1[0m checking '/home/nvidia/vcii/wudi/Box_AD/install/Box_AD/lib/python3.8/site-packages'
[7.998s] [34mcolcon.colcon_core.shell[0m [1;30mLevel 1[0m create_environment_hook('Box_AD', 'pythonpath')
[8.070s] [34mcolcon.colcon_core.shell[0m [1;30mINFO[0m Creating environment hook '/home/nvidia/vcii/wudi/Box_AD/install/Box_AD/share/Box_AD/hook/pythonpath.ps1'
[8.072s] [34mcolcon.colcon_core.shell[0m [1;30mINFO[0m Creating environment descriptor '/home/nvidia/vcii/wudi/Box_AD/install/Box_AD/share/Box_AD/hook/pythonpath.dsv'
[8.073s] [34mcolcon.colcon_core.shell[0m [1;30mINFO[0m Creating environment hook '/home/nvidia/vcii/wudi/Box_AD/install/Box_AD/share/Box_AD/hook/pythonpath.sh'
[8.074s] [34mcolcon.colcon_core.environment[0m [1;30mLevel 1[0m checking '/home/nvidia/vcii/wudi/Box_AD/install/Box_AD/bin'
[8.074s] [34mcolcon.colcon_core.environment[0m [1;30mLevel 1[0m create_environment_scripts_only(Box_AD)
[8.146s] [34mcolcon.colcon_core.shell[0m [1;30mINFO[0m Creating package script '/home/nvidia/vcii/wudi/Box_AD/install/Box_AD/share/Box_AD/package.ps1'
[8.148s] [34mcolcon.colcon_core.shell[0m [1;30mINFO[0m Creating package descriptor '/home/nvidia/vcii/wudi/Box_AD/install/Box_AD/share/Box_AD/package.dsv'
[8.149s] [34mcolcon.colcon_core.shell[0m [1;30mINFO[0m Creating package script '/home/nvidia/vcii/wudi/Box_AD/install/Box_AD/share/Box_AD/package.sh'
[8.150s] [34mcolcon.colcon_core.shell[0m [1;30mINFO[0m Creating package script '/home/nvidia/vcii/wudi/Box_AD/install/Box_AD/share/Box_AD/package.bash'
[8.151s] [34mcolcon.colcon_core.shell[0m [1;30mINFO[0m Creating package script '/home/nvidia/vcii/wudi/Box_AD/install/Box_AD/share/Box_AD/package.zsh'
[8.152s] [34mcolcon.colcon_core.environment[0m [1;30mLevel 1[0m create_file_with_runtime_dependencies(/home/nvidia/vcii/wudi/Box_AD/install/Box_AD/share/colcon-core/packages/Box_AD)
[8.153s] [34mcolcon.colcon_parallel_executor.executor.parallel[0m [1;30mDEBUG[0m [32mclosing loop[0m
[8.153s] [34mcolcon.colcon_parallel_executor.executor.parallel[0m [1;30mDEBUG[0m [32mloop closed[0m
[8.154s] [34mcolcon.colcon_parallel_executor.executor.parallel[0m [1;30mDEBUG[0m [32mrun_until_complete finished with '0'[0m
[8.155s] [34mcolcon.colcon_core.event_reactor[0m [1;30mDEBUG[0m [32mjoining thread[0m
[8.236s] [34mcolcon.colcon_core.plugin_system[0m [1;30mINFO[0m Skipping extension 'colcon_notification.desktop_notification.terminal_notifier': Not used on non-Darwin systems
[8.236s] [34mcolcon.colcon_core.plugin_system[0m [1;30mINFO[0m Skipping extension 'colcon_notification.desktop_notification.win32': Not used on non-Windows systems
[8.236s] [34mcolcon.colcon_notification.desktop_notification[0m [1;30mINFO[0m Sending desktop notification using 'notify2'
[8.266s] [34mcolcon.colcon_core.event_reactor[0m [1;30mDEBUG[0m [32mjoined thread[0m
[8.339s] [34mcolcon.colcon_core.shell[0m [1;30mINFO[0m Creating prefix script '/home/nvidia/vcii/wudi/Box_AD/install/local_setup.ps1'
[8.341s] [34mcolcon.colcon_core.shell[0m [1;30mINFO[0m Creating prefix util module '/home/nvidia/vcii/wudi/Box_AD/install/_local_setup_util_ps1.py'
[8.344s] [34mcolcon.colcon_core.shell[0m [1;30mINFO[0m Creating prefix chain script '/home/nvidia/vcii/wudi/Box_AD/install/setup.ps1'
[8.416s] [34mcolcon.colcon_core.shell[0m [1;30mINFO[0m Creating prefix script '/home/nvidia/vcii/wudi/Box_AD/install/local_setup.sh'
[8.417s] [34mcolcon.colcon_core.shell[0m [1;30mINFO[0m Creating prefix util module '/home/nvidia/vcii/wudi/Box_AD/install/_local_setup_util_sh.py'
[8.418s] [34mcolcon.colcon_core.shell[0m [1;30mINFO[0m Creating prefix chain script '/home/nvidia/vcii/wudi/Box_AD/install/setup.sh'
[8.491s] [34mcolcon.colcon_core.shell[0m [1;30mINFO[0m Creating prefix script '/home/nvidia/vcii/wudi/Box_AD/install/local_setup.bash'
[8.492s] [34mcolcon.colcon_core.shell[0m [1;30mINFO[0m Creating prefix chain script '/home/nvidia/vcii/wudi/Box_AD/install/setup.bash'
[8.562s] [34mcolcon.colcon_core.shell[0m [1;30mINFO[0m Creating prefix script '/home/nvidia/vcii/wudi/Box_AD/install/local_setup.zsh'
[8.563s] [34mcolcon.colcon_core.shell[0m [1;30mINFO[0m Creating prefix chain script '/home/nvidia/vcii/wudi/Box_AD/install/setup.zsh'
