/home/nvidia/vcii/wudi/Box_AD/install/Box_AD/lib/python3.8/site-packages/Box_AD/gps_imu_to_utm_pose_node.py
/home/nvidia/vcii/wudi/Box_AD/install/Box_AD/lib/python3.8/site-packages/Box_AD/imu_gps_logger.py
/home/nvidia/vcii/wudi/Box_AD/install/Box_AD/lib/python3.8/site-packages/Box_AD/can_use.py
/home/nvidia/vcii/wudi/Box_AD/install/Box_AD/lib/python3.8/site-packages/Box_AD/imu_node.py
/home/nvidia/vcii/wudi/Box_AD/install/Box_AD/lib/python3.8/site-packages/Box_AD/__init__.py
/home/nvidia/vcii/wudi/Box_AD/install/Box_AD/lib/python3.8/site-packages/Box_AD/planner/local_planner_astar_node.py
/home/nvidia/vcii/wudi/Box_AD/install/Box_AD/lib/python3.8/site-packages/Box_AD/planner/trajectory_smoother.py
/home/nvidia/vcii/wudi/Box_AD/install/Box_AD/lib/python3.8/site-packages/Box_AD/planner/global_planner_astar_node.py
/home/nvidia/vcii/wudi/Box_AD/install/Box_AD/lib/python3.8/site-packages/Box_AD/planner/test_hybrid_astar.py
/home/nvidia/vcii/wudi/Box_AD/install/Box_AD/lib/python3.8/site-packages/Box_AD/planner/local_path_to_mpc_node.py
/home/nvidia/vcii/wudi/Box_AD/install/Box_AD/lib/python3.8/site-packages/Box_AD/planner/local_path_planner_node.py
/home/nvidia/vcii/wudi/Box_AD/install/Box_AD/lib/python3.8/site-packages/Box_AD/planner/__init__.py
/home/nvidia/vcii/wudi/Box_AD/install/Box_AD/lib/python3.8/site-packages/Box_AD/planner/global_planner_astar_node copy.py
/home/nvidia/vcii/wudi/Box_AD/install/Box_AD/lib/python3.8/site-packages/Box_AD/planner/local_path_to_follow_node.py
/home/nvidia/vcii/wudi/Box_AD/install/Box_AD/lib/python3.8/site-packages/Box_AD/planner/test_hybrid_astar_v2.py
/home/nvidia/vcii/wudi/Box_AD/install/Box_AD/lib/python3.8/site-packages/Box_AD/follow_traj_wd/can_node.py
/home/nvidia/vcii/wudi/Box_AD/install/Box_AD/lib/python3.8/site-packages/Box_AD/follow_traj_wd/follow_node.py
/home/nvidia/vcii/wudi/Box_AD/install/Box_AD/lib/python3.8/site-packages/Box_AD/follow_traj_wd/can_use.py
/home/nvidia/vcii/wudi/Box_AD/install/Box_AD/lib/python3.8/site-packages/Box_AD/follow_traj_wd/utils.py
/home/nvidia/vcii/wudi/Box_AD/install/Box_AD/lib/python3.8/site-packages/Box_AD/follow_traj_wd/__init__.py
/home/nvidia/vcii/wudi/Box_AD/install/Box_AD/lib/python3.8/site-packages/Box_AD/follow_traj_wd/follow_demo_mpc_bank.py
/home/nvidia/vcii/wudi/Box_AD/install/Box_AD/lib/python3.8/site-packages/Box_AD/follow_traj_wd/follow_demo_2025.py
/home/nvidia/vcii/wudi/Box_AD/install/Box_AD/lib/python3.8/site-packages/Box_AD/follow_traj_wd/mpc_node_v2.py
/home/nvidia/vcii/wudi/Box_AD/install/Box_AD/lib/python3.8/site-packages/Box_AD/map/png_map_publisher.py
/home/nvidia/vcii/wudi/Box_AD/install/Box_AD/lib/python3.8/site-packages/Box_AD/map/__init__.py
/home/nvidia/vcii/wudi/Box_AD/install/Box_AD/lib/python3.8/site-packages/Box_AD/visualizer/ego_visualizer_node.py
/home/nvidia/vcii/wudi/Box_AD/install/Box_AD/lib/python3.8/site-packages/Box_AD/visualizer/__init__.py
/home/nvidia/vcii/wudi/Box_AD/install/Box_AD/lib/python3.8/site-packages/Box_AD/visualizer/path_visualizer_node.py
/home/nvidia/vcii/wudi/Box_AD/install/Box_AD/lib/python3.8/site-packages/Box_AD/perception/fast_obstacle_temporal_filter_node.py
/home/nvidia/vcii/wudi/Box_AD/install/Box_AD/lib/python3.8/site-packages/Box_AD/perception/fast_lidar_obstacle_detector_node.py
/home/nvidia/vcii/wudi/Box_AD/install/Box_AD/lib/python3.8/site-packages/Box_AD/perception/__init__.py
/home/nvidia/vcii/wudi/Box_AD/install/Box_AD/lib/python3.8/site-packages/Box_AD/perception/fast_obstacle_visualizer_node_in_map.py
/home/nvidia/vcii/wudi/Box_AD/install/Box_AD/lib/python3.8/site-packages/Box_AD/__pycache__/gps_imu_to_utm_pose_node.cpython-38.pyc
/home/nvidia/vcii/wudi/Box_AD/install/Box_AD/lib/python3.8/site-packages/Box_AD/__pycache__/imu_gps_logger.cpython-38.pyc
/home/nvidia/vcii/wudi/Box_AD/install/Box_AD/lib/python3.8/site-packages/Box_AD/__pycache__/can_use.cpython-38.pyc
/home/nvidia/vcii/wudi/Box_AD/install/Box_AD/lib/python3.8/site-packages/Box_AD/__pycache__/imu_node.cpython-38.pyc
/home/nvidia/vcii/wudi/Box_AD/install/Box_AD/lib/python3.8/site-packages/Box_AD/__pycache__/__init__.cpython-38.pyc
/home/nvidia/vcii/wudi/Box_AD/install/Box_AD/lib/python3.8/site-packages/Box_AD/planner/__pycache__/local_planner_astar_node.cpython-38.pyc
/home/nvidia/vcii/wudi/Box_AD/install/Box_AD/lib/python3.8/site-packages/Box_AD/planner/__pycache__/trajectory_smoother.cpython-38.pyc
/home/nvidia/vcii/wudi/Box_AD/install/Box_AD/lib/python3.8/site-packages/Box_AD/planner/__pycache__/global_planner_astar_node.cpython-38.pyc
/home/nvidia/vcii/wudi/Box_AD/install/Box_AD/lib/python3.8/site-packages/Box_AD/planner/__pycache__/test_hybrid_astar.cpython-38.pyc
/home/nvidia/vcii/wudi/Box_AD/install/Box_AD/lib/python3.8/site-packages/Box_AD/planner/__pycache__/local_path_to_mpc_node.cpython-38.pyc
/home/nvidia/vcii/wudi/Box_AD/install/Box_AD/lib/python3.8/site-packages/Box_AD/planner/__pycache__/local_path_planner_node.cpython-38.pyc
/home/nvidia/vcii/wudi/Box_AD/install/Box_AD/lib/python3.8/site-packages/Box_AD/planner/__pycache__/__init__.cpython-38.pyc
/home/nvidia/vcii/wudi/Box_AD/install/Box_AD/lib/python3.8/site-packages/Box_AD/planner/__pycache__/global_planner_astar_node copy.cpython-38.pyc
/home/nvidia/vcii/wudi/Box_AD/install/Box_AD/lib/python3.8/site-packages/Box_AD/planner/__pycache__/local_path_to_follow_node.cpython-38.pyc
/home/nvidia/vcii/wudi/Box_AD/install/Box_AD/lib/python3.8/site-packages/Box_AD/planner/__pycache__/test_hybrid_astar_v2.cpython-38.pyc
/home/nvidia/vcii/wudi/Box_AD/install/Box_AD/lib/python3.8/site-packages/Box_AD/follow_traj_wd/__pycache__/can_node.cpython-38.pyc
/home/nvidia/vcii/wudi/Box_AD/install/Box_AD/lib/python3.8/site-packages/Box_AD/follow_traj_wd/__pycache__/follow_node.cpython-38.pyc
/home/nvidia/vcii/wudi/Box_AD/install/Box_AD/lib/python3.8/site-packages/Box_AD/follow_traj_wd/__pycache__/can_use.cpython-38.pyc
/home/nvidia/vcii/wudi/Box_AD/install/Box_AD/lib/python3.8/site-packages/Box_AD/follow_traj_wd/__pycache__/utils.cpython-38.pyc
/home/nvidia/vcii/wudi/Box_AD/install/Box_AD/lib/python3.8/site-packages/Box_AD/follow_traj_wd/__pycache__/__init__.cpython-38.pyc
/home/nvidia/vcii/wudi/Box_AD/install/Box_AD/lib/python3.8/site-packages/Box_AD/follow_traj_wd/__pycache__/follow_demo_mpc_bank.cpython-38.pyc
/home/nvidia/vcii/wudi/Box_AD/install/Box_AD/lib/python3.8/site-packages/Box_AD/follow_traj_wd/__pycache__/follow_demo_2025.cpython-38.pyc
/home/nvidia/vcii/wudi/Box_AD/install/Box_AD/lib/python3.8/site-packages/Box_AD/follow_traj_wd/__pycache__/mpc_node_v2.cpython-38.pyc
/home/nvidia/vcii/wudi/Box_AD/install/Box_AD/lib/python3.8/site-packages/Box_AD/map/__pycache__/png_map_publisher.cpython-38.pyc
/home/nvidia/vcii/wudi/Box_AD/install/Box_AD/lib/python3.8/site-packages/Box_AD/map/__pycache__/__init__.cpython-38.pyc
/home/nvidia/vcii/wudi/Box_AD/install/Box_AD/lib/python3.8/site-packages/Box_AD/visualizer/__pycache__/ego_visualizer_node.cpython-38.pyc
/home/nvidia/vcii/wudi/Box_AD/install/Box_AD/lib/python3.8/site-packages/Box_AD/visualizer/__pycache__/__init__.cpython-38.pyc
/home/nvidia/vcii/wudi/Box_AD/install/Box_AD/lib/python3.8/site-packages/Box_AD/visualizer/__pycache__/path_visualizer_node.cpython-38.pyc
/home/nvidia/vcii/wudi/Box_AD/install/Box_AD/lib/python3.8/site-packages/Box_AD/perception/__pycache__/fast_obstacle_temporal_filter_node.cpython-38.pyc
/home/nvidia/vcii/wudi/Box_AD/install/Box_AD/lib/python3.8/site-packages/Box_AD/perception/__pycache__/fast_lidar_obstacle_detector_node.cpython-38.pyc
/home/nvidia/vcii/wudi/Box_AD/install/Box_AD/lib/python3.8/site-packages/Box_AD/perception/__pycache__/__init__.cpython-38.pyc
/home/nvidia/vcii/wudi/Box_AD/install/Box_AD/lib/python3.8/site-packages/Box_AD/perception/__pycache__/fast_obstacle_visualizer_node_in_map.cpython-38.pyc
/home/nvidia/vcii/wudi/Box_AD/install/Box_AD/share/ament_index/resource_index/packages/Box_AD
/home/nvidia/vcii/wudi/Box_AD/install/Box_AD/share/Box_AD/package.xml
/home/nvidia/vcii/wudi/Box_AD/install/Box_AD/share/Box_AD/launch/box_ad_ros2.launch.py
/home/nvidia/vcii/wudi/Box_AD/install/Box_AD/share/Box_AD/launch/box_ad.launch.py
/home/nvidia/vcii/wudi/Box_AD/install/Box_AD/lib/python3.8/site-packages/Box_AD-0.0.0-py3.8.egg-info/dependency_links.txt
/home/nvidia/vcii/wudi/Box_AD/install/Box_AD/lib/python3.8/site-packages/Box_AD-0.0.0-py3.8.egg-info/requires.txt
/home/nvidia/vcii/wudi/Box_AD/install/Box_AD/lib/python3.8/site-packages/Box_AD-0.0.0-py3.8.egg-info/zip-safe
/home/nvidia/vcii/wudi/Box_AD/install/Box_AD/lib/python3.8/site-packages/Box_AD-0.0.0-py3.8.egg-info/top_level.txt
/home/nvidia/vcii/wudi/Box_AD/install/Box_AD/lib/python3.8/site-packages/Box_AD-0.0.0-py3.8.egg-info/SOURCES.txt
/home/nvidia/vcii/wudi/Box_AD/install/Box_AD/lib/python3.8/site-packages/Box_AD-0.0.0-py3.8.egg-info/PKG-INFO
/home/nvidia/vcii/wudi/Box_AD/install/Box_AD/lib/python3.8/site-packages/Box_AD-0.0.0-py3.8.egg-info/entry_points.txt
/home/nvidia/vcii/wudi/Box_AD/install/Box_AD/lib/Box_AD/astar_planner_node
/home/nvidia/vcii/wudi/Box_AD/install/Box_AD/lib/Box_AD/auto_drive_panel
/home/nvidia/vcii/wudi/Box_AD/install/Box_AD/lib/Box_AD/can_node
/home/nvidia/vcii/wudi/Box_AD/install/Box_AD/lib/Box_AD/ego_visualizer
/home/nvidia/vcii/wudi/Box_AD/install/Box_AD/lib/Box_AD/fast_lidar_obstacle_detector
/home/nvidia/vcii/wudi/Box_AD/install/Box_AD/lib/Box_AD/fast_obstacle_rviz_in_map
/home/nvidia/vcii/wudi/Box_AD/install/Box_AD/lib/Box_AD/fast_obstacle_temporal_filter_node
/home/nvidia/vcii/wudi/Box_AD/install/Box_AD/lib/Box_AD/follow_node
/home/nvidia/vcii/wudi/Box_AD/install/Box_AD/lib/Box_AD/gps_imu_to_utm_pose
/home/nvidia/vcii/wudi/Box_AD/install/Box_AD/lib/Box_AD/imu_gps_logger
/home/nvidia/vcii/wudi/Box_AD/install/Box_AD/lib/Box_AD/local_path_planner_node
/home/nvidia/vcii/wudi/Box_AD/install/Box_AD/lib/Box_AD/local_path_to_follow
/home/nvidia/vcii/wudi/Box_AD/install/Box_AD/lib/Box_AD/local_path_to_mpc
/home/nvidia/vcii/wudi/Box_AD/install/Box_AD/lib/Box_AD/local_planner_astar
/home/nvidia/vcii/wudi/Box_AD/install/Box_AD/lib/Box_AD/mpc_node
/home/nvidia/vcii/wudi/Box_AD/install/Box_AD/lib/Box_AD/path_visualizer
/home/nvidia/vcii/wudi/Box_AD/install/Box_AD/lib/Box_AD/png_map_publisher
/home/nvidia/vcii/wudi/Box_AD/install/Box_AD/lib/Box_AD/publish_imu
