Scanning dependencies of target hybrid_a_star_lib
[ 20%] Building CXX object CMakeFiles/hybrid_a_star_lib.dir/src/hybrid_a_star.cpp.o
[ 40%] Linking CXX static library libhybrid_a_star_lib.a
[ 60%] Built target hybrid_a_star_lib
[ 80%] Linking CXX executable hybrid_a_star_node
[100%] Built target hybrid_a_star_node
-- Install configuration: ""
-- Execute custom install script
-- Up-to-date symlink: /home/nvidia/vcii/wudi/Box_AD/ROS2_Hybrid_A_Star/install/ros2_hybrid_a_star/lib/ros2_hybrid_a_star/hybrid_a_star_node
-- Up-to-date symlink: /home/nvidia/vcii/wudi/Box_AD/ROS2_Hybrid_A_Star/install/ros2_hybrid_a_star/share/ros2_hybrid_a_star/launch/hybrid_a_star.launch.py
-- Symlinking: /home/nvidia/vcii/wudi/Box_AD/ROS2_Hybrid_A_Star/install/ros2_hybrid_a_star/share/ros2_hybrid_a_star/config/params.yaml
-- Up-to-date symlink: /home/nvidia/vcii/wudi/Box_AD/ROS2_Hybrid_A_Star/install/ros2_hybrid_a_star/include//hybrid_a_star/hybrid_a_star.h
-- Up-to-date symlink: /home/nvidia/vcii/wudi/Box_AD/ROS2_Hybrid_A_Star/install/ros2_hybrid_a_star/include//hybrid_a_star/rs_path.h
-- Up-to-date symlink: /home/nvidia/vcii/wudi/Box_AD/ROS2_Hybrid_A_Star/install/ros2_hybrid_a_star/include//hybrid_a_star/state_node.h
-- Up-to-date symlink: /home/nvidia/vcii/wudi/Box_AD/ROS2_Hybrid_A_Star/install/ros2_hybrid_a_star/include//hybrid_a_star/type.h
-- Up-to-date symlink: /home/nvidia/vcii/wudi/Box_AD/ROS2_Hybrid_A_Star/install/ros2_hybrid_a_star/share/ament_index/resource_index/package_run_dependencies/ros2_hybrid_a_star
-- Up-to-date symlink: /home/nvidia/vcii/wudi/Box_AD/ROS2_Hybrid_A_Star/install/ros2_hybrid_a_star/share/ament_index/resource_index/parent_prefix_path/ros2_hybrid_a_star
-- Up-to-date symlink: /home/nvidia/vcii/wudi/Box_AD/ROS2_Hybrid_A_Star/install/ros2_hybrid_a_star/share/ros2_hybrid_a_star/environment/ament_prefix_path.sh
-- Up-to-date symlink: /home/nvidia/vcii/wudi/Box_AD/ROS2_Hybrid_A_Star/install/ros2_hybrid_a_star/share/ros2_hybrid_a_star/environment/ament_prefix_path.dsv
-- Up-to-date symlink: /home/nvidia/vcii/wudi/Box_AD/ROS2_Hybrid_A_Star/install/ros2_hybrid_a_star/share/ros2_hybrid_a_star/environment/path.sh
-- Up-to-date symlink: /home/nvidia/vcii/wudi/Box_AD/ROS2_Hybrid_A_Star/install/ros2_hybrid_a_star/share/ros2_hybrid_a_star/environment/path.dsv
-- Up-to-date symlink: /home/nvidia/vcii/wudi/Box_AD/ROS2_Hybrid_A_Star/install/ros2_hybrid_a_star/share/ros2_hybrid_a_star/local_setup.bash
-- Up-to-date symlink: /home/nvidia/vcii/wudi/Box_AD/ROS2_Hybrid_A_Star/install/ros2_hybrid_a_star/share/ros2_hybrid_a_star/local_setup.sh
-- Up-to-date symlink: /home/nvidia/vcii/wudi/Box_AD/ROS2_Hybrid_A_Star/install/ros2_hybrid_a_star/share/ros2_hybrid_a_star/local_setup.zsh
-- Up-to-date symlink: /home/nvidia/vcii/wudi/Box_AD/ROS2_Hybrid_A_Star/install/ros2_hybrid_a_star/share/ros2_hybrid_a_star/local_setup.dsv
-- Symlinking: /home/nvidia/vcii/wudi/Box_AD/ROS2_Hybrid_A_Star/install/ros2_hybrid_a_star/share/ros2_hybrid_a_star/package.dsv
-- Up-to-date symlink: /home/nvidia/vcii/wudi/Box_AD/ROS2_Hybrid_A_Star/install/ros2_hybrid_a_star/share/ament_index/resource_index/packages/ros2_hybrid_a_star
-- Up-to-date symlink: /home/nvidia/vcii/wudi/Box_AD/ROS2_Hybrid_A_Star/install/ros2_hybrid_a_star/share/ros2_hybrid_a_star/cmake/ros2_hybrid_a_starConfig.cmake
-- Up-to-date symlink: /home/nvidia/vcii/wudi/Box_AD/ROS2_Hybrid_A_Star/install/ros2_hybrid_a_star/share/ros2_hybrid_a_star/cmake/ros2_hybrid_a_starConfig-version.cmake
-- Up-to-date symlink: /home/nvidia/vcii/wudi/Box_AD/ROS2_Hybrid_A_Star/install/ros2_hybrid_a_star/share/ros2_hybrid_a_star/package.xml
