running egg_info
creating build/Box_AD/Box_AD.egg-info
writing build/Box_AD/Box_AD.egg-info/PKG-INFO
writing dependency_links to build/Box_AD/Box_AD.egg-info/dependency_links.txt
writing entry points to build/Box_AD/Box_AD.egg-info/entry_points.txt
writing requirements to build/Box_AD/Box_AD.egg-info/requires.txt
writing top-level names to build/Box_AD/Box_AD.egg-info/top_level.txt
writing manifest file 'build/Box_AD/Box_AD.egg-info/SOURCES.txt'
reading manifest file 'build/Box_AD/Box_AD.egg-info/SOURCES.txt'
writing manifest file 'build/Box_AD/Box_AD.egg-info/SOURCES.txt'
running build
running build_py
creating /home/nvidia/vcii/wudi/Box_AD/build/Box_AD/build
creating /home/nvidia/vcii/wudi/Box_AD/build/Box_AD/build/lib
creating /home/nvidia/vcii/wudi/Box_AD/build/Box_AD/build/lib/Box_AD
copying Box_AD/gps_imu_to_utm_pose_node.py -> /home/nvidia/vcii/wudi/Box_AD/build/Box_AD/build/lib/Box_AD
copying Box_AD/imu_gps_logger.py -> /home/nvidia/vcii/wudi/Box_AD/build/Box_AD/build/lib/Box_AD
copying Box_AD/can_use.py -> /home/nvidia/vcii/wudi/Box_AD/build/Box_AD/build/lib/Box_AD
copying Box_AD/imu_node.py -> /home/nvidia/vcii/wudi/Box_AD/build/Box_AD/build/lib/Box_AD
copying Box_AD/__init__.py -> /home/nvidia/vcii/wudi/Box_AD/build/Box_AD/build/lib/Box_AD
creating /home/nvidia/vcii/wudi/Box_AD/build/Box_AD/build/lib/Box_AD/planner
copying Box_AD/planner/local_planner_astar_node.py -> /home/nvidia/vcii/wudi/Box_AD/build/Box_AD/build/lib/Box_AD/planner
copying Box_AD/planner/trajectory_smoother.py -> /home/nvidia/vcii/wudi/Box_AD/build/Box_AD/build/lib/Box_AD/planner
copying Box_AD/planner/global_planner_astar_node.py -> /home/nvidia/vcii/wudi/Box_AD/build/Box_AD/build/lib/Box_AD/planner
copying Box_AD/planner/test_hybrid_astar.py -> /home/nvidia/vcii/wudi/Box_AD/build/Box_AD/build/lib/Box_AD/planner
copying Box_AD/planner/local_path_to_mpc_node.py -> /home/nvidia/vcii/wudi/Box_AD/build/Box_AD/build/lib/Box_AD/planner
copying Box_AD/planner/local_path_planner_node.py -> /home/nvidia/vcii/wudi/Box_AD/build/Box_AD/build/lib/Box_AD/planner
copying Box_AD/planner/__init__.py -> /home/nvidia/vcii/wudi/Box_AD/build/Box_AD/build/lib/Box_AD/planner
copying Box_AD/planner/global_planner_astar_node copy.py -> /home/nvidia/vcii/wudi/Box_AD/build/Box_AD/build/lib/Box_AD/planner
copying Box_AD/planner/local_path_to_follow_node.py -> /home/nvidia/vcii/wudi/Box_AD/build/Box_AD/build/lib/Box_AD/planner
copying Box_AD/planner/test_hybrid_astar_v2.py -> /home/nvidia/vcii/wudi/Box_AD/build/Box_AD/build/lib/Box_AD/planner
creating /home/nvidia/vcii/wudi/Box_AD/build/Box_AD/build/lib/Box_AD/follow_traj_wd
copying Box_AD/follow_traj_wd/can_node.py -> /home/nvidia/vcii/wudi/Box_AD/build/Box_AD/build/lib/Box_AD/follow_traj_wd
copying Box_AD/follow_traj_wd/follow_node.py -> /home/nvidia/vcii/wudi/Box_AD/build/Box_AD/build/lib/Box_AD/follow_traj_wd
copying Box_AD/follow_traj_wd/can_use.py -> /home/nvidia/vcii/wudi/Box_AD/build/Box_AD/build/lib/Box_AD/follow_traj_wd
copying Box_AD/follow_traj_wd/utils.py -> /home/nvidia/vcii/wudi/Box_AD/build/Box_AD/build/lib/Box_AD/follow_traj_wd
copying Box_AD/follow_traj_wd/__init__.py -> /home/nvidia/vcii/wudi/Box_AD/build/Box_AD/build/lib/Box_AD/follow_traj_wd
copying Box_AD/follow_traj_wd/follow_demo_mpc_bank.py -> /home/nvidia/vcii/wudi/Box_AD/build/Box_AD/build/lib/Box_AD/follow_traj_wd
copying Box_AD/follow_traj_wd/follow_demo_2025.py -> /home/nvidia/vcii/wudi/Box_AD/build/Box_AD/build/lib/Box_AD/follow_traj_wd
copying Box_AD/follow_traj_wd/mpc_node_v2.py -> /home/nvidia/vcii/wudi/Box_AD/build/Box_AD/build/lib/Box_AD/follow_traj_wd
creating /home/nvidia/vcii/wudi/Box_AD/build/Box_AD/build/lib/Box_AD/map
copying Box_AD/map/png_map_publisher.py -> /home/nvidia/vcii/wudi/Box_AD/build/Box_AD/build/lib/Box_AD/map
copying Box_AD/map/__init__.py -> /home/nvidia/vcii/wudi/Box_AD/build/Box_AD/build/lib/Box_AD/map
creating /home/nvidia/vcii/wudi/Box_AD/build/Box_AD/build/lib/Box_AD/visualizer
copying Box_AD/visualizer/ego_visualizer_node.py -> /home/nvidia/vcii/wudi/Box_AD/build/Box_AD/build/lib/Box_AD/visualizer
copying Box_AD/visualizer/__init__.py -> /home/nvidia/vcii/wudi/Box_AD/build/Box_AD/build/lib/Box_AD/visualizer
copying Box_AD/visualizer/path_visualizer_node.py -> /home/nvidia/vcii/wudi/Box_AD/build/Box_AD/build/lib/Box_AD/visualizer
creating /home/nvidia/vcii/wudi/Box_AD/build/Box_AD/build/lib/Box_AD/perception
copying Box_AD/perception/fast_obstacle_temporal_filter_node.py -> /home/nvidia/vcii/wudi/Box_AD/build/Box_AD/build/lib/Box_AD/perception
copying Box_AD/perception/fast_lidar_obstacle_detector_node.py -> /home/nvidia/vcii/wudi/Box_AD/build/Box_AD/build/lib/Box_AD/perception
copying Box_AD/perception/__init__.py -> /home/nvidia/vcii/wudi/Box_AD/build/Box_AD/build/lib/Box_AD/perception
copying Box_AD/perception/fast_obstacle_visualizer_node_in_map.py -> /home/nvidia/vcii/wudi/Box_AD/build/Box_AD/build/lib/Box_AD/perception
running install
running install_lib
creating /home/nvidia/vcii/wudi/Box_AD/install/Box_AD/lib/python3.8/site-packages/Box_AD
copying /home/nvidia/vcii/wudi/Box_AD/build/Box_AD/build/lib/Box_AD/gps_imu_to_utm_pose_node.py -> /home/nvidia/vcii/wudi/Box_AD/install/Box_AD/lib/python3.8/site-packages/Box_AD
creating /home/nvidia/vcii/wudi/Box_AD/install/Box_AD/lib/python3.8/site-packages/Box_AD/planner
copying /home/nvidia/vcii/wudi/Box_AD/build/Box_AD/build/lib/Box_AD/planner/local_planner_astar_node.py -> /home/nvidia/vcii/wudi/Box_AD/install/Box_AD/lib/python3.8/site-packages/Box_AD/planner
copying /home/nvidia/vcii/wudi/Box_AD/build/Box_AD/build/lib/Box_AD/planner/trajectory_smoother.py -> /home/nvidia/vcii/wudi/Box_AD/install/Box_AD/lib/python3.8/site-packages/Box_AD/planner
copying /home/nvidia/vcii/wudi/Box_AD/build/Box_AD/build/lib/Box_AD/planner/global_planner_astar_node.py -> /home/nvidia/vcii/wudi/Box_AD/install/Box_AD/lib/python3.8/site-packages/Box_AD/planner
copying /home/nvidia/vcii/wudi/Box_AD/build/Box_AD/build/lib/Box_AD/planner/test_hybrid_astar.py -> /home/nvidia/vcii/wudi/Box_AD/install/Box_AD/lib/python3.8/site-packages/Box_AD/planner
copying /home/nvidia/vcii/wudi/Box_AD/build/Box_AD/build/lib/Box_AD/planner/local_path_to_mpc_node.py -> /home/nvidia/vcii/wudi/Box_AD/install/Box_AD/lib/python3.8/site-packages/Box_AD/planner
copying /home/nvidia/vcii/wudi/Box_AD/build/Box_AD/build/lib/Box_AD/planner/local_path_planner_node.py -> /home/nvidia/vcii/wudi/Box_AD/install/Box_AD/lib/python3.8/site-packages/Box_AD/planner
copying /home/nvidia/vcii/wudi/Box_AD/build/Box_AD/build/lib/Box_AD/planner/__init__.py -> /home/nvidia/vcii/wudi/Box_AD/install/Box_AD/lib/python3.8/site-packages/Box_AD/planner
copying /home/nvidia/vcii/wudi/Box_AD/build/Box_AD/build/lib/Box_AD/planner/global_planner_astar_node copy.py -> /home/nvidia/vcii/wudi/Box_AD/install/Box_AD/lib/python3.8/site-packages/Box_AD/planner
copying /home/nvidia/vcii/wudi/Box_AD/build/Box_AD/build/lib/Box_AD/planner/local_path_to_follow_node.py -> /home/nvidia/vcii/wudi/Box_AD/install/Box_AD/lib/python3.8/site-packages/Box_AD/planner
copying /home/nvidia/vcii/wudi/Box_AD/build/Box_AD/build/lib/Box_AD/planner/test_hybrid_astar_v2.py -> /home/nvidia/vcii/wudi/Box_AD/install/Box_AD/lib/python3.8/site-packages/Box_AD/planner
creating /home/nvidia/vcii/wudi/Box_AD/install/Box_AD/lib/python3.8/site-packages/Box_AD/follow_traj_wd
copying /home/nvidia/vcii/wudi/Box_AD/build/Box_AD/build/lib/Box_AD/follow_traj_wd/can_node.py -> /home/nvidia/vcii/wudi/Box_AD/install/Box_AD/lib/python3.8/site-packages/Box_AD/follow_traj_wd
copying /home/nvidia/vcii/wudi/Box_AD/build/Box_AD/build/lib/Box_AD/follow_traj_wd/follow_node.py -> /home/nvidia/vcii/wudi/Box_AD/install/Box_AD/lib/python3.8/site-packages/Box_AD/follow_traj_wd
copying /home/nvidia/vcii/wudi/Box_AD/build/Box_AD/build/lib/Box_AD/follow_traj_wd/can_use.py -> /home/nvidia/vcii/wudi/Box_AD/install/Box_AD/lib/python3.8/site-packages/Box_AD/follow_traj_wd
copying /home/nvidia/vcii/wudi/Box_AD/build/Box_AD/build/lib/Box_AD/follow_traj_wd/utils.py -> /home/nvidia/vcii/wudi/Box_AD/install/Box_AD/lib/python3.8/site-packages/Box_AD/follow_traj_wd
copying /home/nvidia/vcii/wudi/Box_AD/build/Box_AD/build/lib/Box_AD/follow_traj_wd/__init__.py -> /home/nvidia/vcii/wudi/Box_AD/install/Box_AD/lib/python3.8/site-packages/Box_AD/follow_traj_wd
copying /home/nvidia/vcii/wudi/Box_AD/build/Box_AD/build/lib/Box_AD/follow_traj_wd/follow_demo_mpc_bank.py -> /home/nvidia/vcii/wudi/Box_AD/install/Box_AD/lib/python3.8/site-packages/Box_AD/follow_traj_wd
copying /home/nvidia/vcii/wudi/Box_AD/build/Box_AD/build/lib/Box_AD/follow_traj_wd/follow_demo_2025.py -> /home/nvidia/vcii/wudi/Box_AD/install/Box_AD/lib/python3.8/site-packages/Box_AD/follow_traj_wd
copying /home/nvidia/vcii/wudi/Box_AD/build/Box_AD/build/lib/Box_AD/follow_traj_wd/mpc_node_v2.py -> /home/nvidia/vcii/wudi/Box_AD/install/Box_AD/lib/python3.8/site-packages/Box_AD/follow_traj_wd
copying /home/nvidia/vcii/wudi/Box_AD/build/Box_AD/build/lib/Box_AD/imu_gps_logger.py -> /home/nvidia/vcii/wudi/Box_AD/install/Box_AD/lib/python3.8/site-packages/Box_AD
copying /home/nvidia/vcii/wudi/Box_AD/build/Box_AD/build/lib/Box_AD/can_use.py -> /home/nvidia/vcii/wudi/Box_AD/install/Box_AD/lib/python3.8/site-packages/Box_AD
copying /home/nvidia/vcii/wudi/Box_AD/build/Box_AD/build/lib/Box_AD/imu_node.py -> /home/nvidia/vcii/wudi/Box_AD/install/Box_AD/lib/python3.8/site-packages/Box_AD
copying /home/nvidia/vcii/wudi/Box_AD/build/Box_AD/build/lib/Box_AD/__init__.py -> /home/nvidia/vcii/wudi/Box_AD/install/Box_AD/lib/python3.8/site-packages/Box_AD
creating /home/nvidia/vcii/wudi/Box_AD/install/Box_AD/lib/python3.8/site-packages/Box_AD/map
copying /home/nvidia/vcii/wudi/Box_AD/build/Box_AD/build/lib/Box_AD/map/png_map_publisher.py -> /home/nvidia/vcii/wudi/Box_AD/install/Box_AD/lib/python3.8/site-packages/Box_AD/map
copying /home/nvidia/vcii/wudi/Box_AD/build/Box_AD/build/lib/Box_AD/map/__init__.py -> /home/nvidia/vcii/wudi/Box_AD/install/Box_AD/lib/python3.8/site-packages/Box_AD/map
creating /home/nvidia/vcii/wudi/Box_AD/install/Box_AD/lib/python3.8/site-packages/Box_AD/visualizer
copying /home/nvidia/vcii/wudi/Box_AD/build/Box_AD/build/lib/Box_AD/visualizer/ego_visualizer_node.py -> /home/nvidia/vcii/wudi/Box_AD/install/Box_AD/lib/python3.8/site-packages/Box_AD/visualizer
copying /home/nvidia/vcii/wudi/Box_AD/build/Box_AD/build/lib/Box_AD/visualizer/__init__.py -> /home/nvidia/vcii/wudi/Box_AD/install/Box_AD/lib/python3.8/site-packages/Box_AD/visualizer
copying /home/nvidia/vcii/wudi/Box_AD/build/Box_AD/build/lib/Box_AD/visualizer/path_visualizer_node.py -> /home/nvidia/vcii/wudi/Box_AD/install/Box_AD/lib/python3.8/site-packages/Box_AD/visualizer
creating /home/nvidia/vcii/wudi/Box_AD/install/Box_AD/lib/python3.8/site-packages/Box_AD/perception
copying /home/nvidia/vcii/wudi/Box_AD/build/Box_AD/build/lib/Box_AD/perception/fast_obstacle_temporal_filter_node.py -> /home/nvidia/vcii/wudi/Box_AD/install/Box_AD/lib/python3.8/site-packages/Box_AD/perception
copying /home/nvidia/vcii/wudi/Box_AD/build/Box_AD/build/lib/Box_AD/perception/fast_lidar_obstacle_detector_node.py -> /home/nvidia/vcii/wudi/Box_AD/install/Box_AD/lib/python3.8/site-packages/Box_AD/perception
copying /home/nvidia/vcii/wudi/Box_AD/build/Box_AD/build/lib/Box_AD/perception/__init__.py -> /home/nvidia/vcii/wudi/Box_AD/install/Box_AD/lib/python3.8/site-packages/Box_AD/perception
copying /home/nvidia/vcii/wudi/Box_AD/build/Box_AD/build/lib/Box_AD/perception/fast_obstacle_visualizer_node_in_map.py -> /home/nvidia/vcii/wudi/Box_AD/install/Box_AD/lib/python3.8/site-packages/Box_AD/perception
byte-compiling /home/nvidia/vcii/wudi/Box_AD/install/Box_AD/lib/python3.8/site-packages/Box_AD/gps_imu_to_utm_pose_node.py to gps_imu_to_utm_pose_node.cpython-38.pyc
byte-compiling /home/nvidia/vcii/wudi/Box_AD/install/Box_AD/lib/python3.8/site-packages/Box_AD/planner/local_planner_astar_node.py to local_planner_astar_node.cpython-38.pyc
byte-compiling /home/nvidia/vcii/wudi/Box_AD/install/Box_AD/lib/python3.8/site-packages/Box_AD/planner/trajectory_smoother.py to trajectory_smoother.cpython-38.pyc
byte-compiling /home/nvidia/vcii/wudi/Box_AD/install/Box_AD/lib/python3.8/site-packages/Box_AD/planner/global_planner_astar_node.py to global_planner_astar_node.cpython-38.pyc
byte-compiling /home/nvidia/vcii/wudi/Box_AD/install/Box_AD/lib/python3.8/site-packages/Box_AD/planner/test_hybrid_astar.py to test_hybrid_astar.cpython-38.pyc
byte-compiling /home/nvidia/vcii/wudi/Box_AD/install/Box_AD/lib/python3.8/site-packages/Box_AD/planner/local_path_to_mpc_node.py to local_path_to_mpc_node.cpython-38.pyc
byte-compiling /home/nvidia/vcii/wudi/Box_AD/install/Box_AD/lib/python3.8/site-packages/Box_AD/planner/local_path_planner_node.py to local_path_planner_node.cpython-38.pyc
byte-compiling /home/nvidia/vcii/wudi/Box_AD/install/Box_AD/lib/python3.8/site-packages/Box_AD/planner/__init__.py to __init__.cpython-38.pyc
byte-compiling /home/nvidia/vcii/wudi/Box_AD/install/Box_AD/lib/python3.8/site-packages/Box_AD/planner/global_planner_astar_node copy.py to global_planner_astar_node copy.cpython-38.pyc
byte-compiling /home/nvidia/vcii/wudi/Box_AD/install/Box_AD/lib/python3.8/site-packages/Box_AD/planner/local_path_to_follow_node.py to local_path_to_follow_node.cpython-38.pyc
byte-compiling /home/nvidia/vcii/wudi/Box_AD/install/Box_AD/lib/python3.8/site-packages/Box_AD/planner/test_hybrid_astar_v2.py to test_hybrid_astar_v2.cpython-38.pyc
byte-compiling /home/nvidia/vcii/wudi/Box_AD/install/Box_AD/lib/python3.8/site-packages/Box_AD/follow_traj_wd/can_node.py to can_node.cpython-38.pyc
byte-compiling /home/nvidia/vcii/wudi/Box_AD/install/Box_AD/lib/python3.8/site-packages/Box_AD/follow_traj_wd/follow_node.py to follow_node.cpython-38.pyc
byte-compiling /home/nvidia/vcii/wudi/Box_AD/install/Box_AD/lib/python3.8/site-packages/Box_AD/follow_traj_wd/can_use.py to can_use.cpython-38.pyc
byte-compiling /home/nvidia/vcii/wudi/Box_AD/install/Box_AD/lib/python3.8/site-packages/Box_AD/follow_traj_wd/utils.py to utils.cpython-38.pyc
byte-compiling /home/nvidia/vcii/wudi/Box_AD/install/Box_AD/lib/python3.8/site-packages/Box_AD/follow_traj_wd/__init__.py to __init__.cpython-38.pyc
byte-compiling /home/nvidia/vcii/wudi/Box_AD/install/Box_AD/lib/python3.8/site-packages/Box_AD/follow_traj_wd/follow_demo_mpc_bank.py to follow_demo_mpc_bank.cpython-38.pyc
byte-compiling /home/nvidia/vcii/wudi/Box_AD/install/Box_AD/lib/python3.8/site-packages/Box_AD/follow_traj_wd/follow_demo_2025.py to follow_demo_2025.cpython-38.pyc
byte-compiling /home/nvidia/vcii/wudi/Box_AD/install/Box_AD/lib/python3.8/site-packages/Box_AD/follow_traj_wd/mpc_node_v2.py to mpc_node_v2.cpython-38.pyc
byte-compiling /home/nvidia/vcii/wudi/Box_AD/install/Box_AD/lib/python3.8/site-packages/Box_AD/imu_gps_logger.py to imu_gps_logger.cpython-38.pyc
byte-compiling /home/nvidia/vcii/wudi/Box_AD/install/Box_AD/lib/python3.8/site-packages/Box_AD/can_use.py to can_use.cpython-38.pyc
byte-compiling /home/nvidia/vcii/wudi/Box_AD/install/Box_AD/lib/python3.8/site-packages/Box_AD/imu_node.py to imu_node.cpython-38.pyc
byte-compiling /home/nvidia/vcii/wudi/Box_AD/install/Box_AD/lib/python3.8/site-packages/Box_AD/__init__.py to __init__.cpython-38.pyc
byte-compiling /home/nvidia/vcii/wudi/Box_AD/install/Box_AD/lib/python3.8/site-packages/Box_AD/map/png_map_publisher.py to png_map_publisher.cpython-38.pyc
byte-compiling /home/nvidia/vcii/wudi/Box_AD/install/Box_AD/lib/python3.8/site-packages/Box_AD/map/__init__.py to __init__.cpython-38.pyc
byte-compiling /home/nvidia/vcii/wudi/Box_AD/install/Box_AD/lib/python3.8/site-packages/Box_AD/visualizer/ego_visualizer_node.py to ego_visualizer_node.cpython-38.pyc
byte-compiling /home/nvidia/vcii/wudi/Box_AD/install/Box_AD/lib/python3.8/site-packages/Box_AD/visualizer/__init__.py to __init__.cpython-38.pyc
byte-compiling /home/nvidia/vcii/wudi/Box_AD/install/Box_AD/lib/python3.8/site-packages/Box_AD/visualizer/path_visualizer_node.py to path_visualizer_node.cpython-38.pyc
byte-compiling /home/nvidia/vcii/wudi/Box_AD/install/Box_AD/lib/python3.8/site-packages/Box_AD/perception/fast_obstacle_temporal_filter_node.py to fast_obstacle_temporal_filter_node.cpython-38.pyc
byte-compiling /home/nvidia/vcii/wudi/Box_AD/install/Box_AD/lib/python3.8/site-packages/Box_AD/perception/fast_lidar_obstacle_detector_node.py to fast_lidar_obstacle_detector_node.cpython-38.pyc
byte-compiling /home/nvidia/vcii/wudi/Box_AD/install/Box_AD/lib/python3.8/site-packages/Box_AD/perception/__init__.py to __init__.cpython-38.pyc
byte-compiling /home/nvidia/vcii/wudi/Box_AD/install/Box_AD/lib/python3.8/site-packages/Box_AD/perception/fast_obstacle_visualizer_node_in_map.py to fast_obstacle_visualizer_node_in_map.cpython-38.pyc
running install_data
creating /home/nvidia/vcii/wudi/Box_AD/install/Box_AD/share/ament_index
creating /home/nvidia/vcii/wudi/Box_AD/install/Box_AD/share/ament_index/resource_index
creating /home/nvidia/vcii/wudi/Box_AD/install/Box_AD/share/ament_index/resource_index/packages
copying resource/Box_AD -> /home/nvidia/vcii/wudi/Box_AD/install/Box_AD/share/ament_index/resource_index/packages
copying package.xml -> /home/nvidia/vcii/wudi/Box_AD/install/Box_AD/share/Box_AD
creating /home/nvidia/vcii/wudi/Box_AD/install/Box_AD/share/Box_AD/launch
copying launch/box_ad_ros2.launch.py -> /home/nvidia/vcii/wudi/Box_AD/install/Box_AD/share/Box_AD/launch
copying launch/box_ad.launch.py -> /home/nvidia/vcii/wudi/Box_AD/install/Box_AD/share/Box_AD/launch
running install_egg_info
Copying build/Box_AD/Box_AD.egg-info to /home/nvidia/vcii/wudi/Box_AD/install/Box_AD/lib/python3.8/site-packages/Box_AD-0.0.0-py3.8.egg-info
running install_scripts
Installing astar_planner_node script to /home/nvidia/vcii/wudi/Box_AD/install/Box_AD/lib/Box_AD
Installing auto_drive_panel script to /home/nvidia/vcii/wudi/Box_AD/install/Box_AD/lib/Box_AD
Installing can_node script to /home/nvidia/vcii/wudi/Box_AD/install/Box_AD/lib/Box_AD
Installing ego_visualizer script to /home/nvidia/vcii/wudi/Box_AD/install/Box_AD/lib/Box_AD
Installing fast_lidar_obstacle_detector script to /home/nvidia/vcii/wudi/Box_AD/install/Box_AD/lib/Box_AD
Installing fast_obstacle_rviz_in_map script to /home/nvidia/vcii/wudi/Box_AD/install/Box_AD/lib/Box_AD
Installing fast_obstacle_temporal_filter_node script to /home/nvidia/vcii/wudi/Box_AD/install/Box_AD/lib/Box_AD
Installing follow_node script to /home/nvidia/vcii/wudi/Box_AD/install/Box_AD/lib/Box_AD
Installing gps_imu_to_utm_pose script to /home/nvidia/vcii/wudi/Box_AD/install/Box_AD/lib/Box_AD
Installing imu_gps_logger script to /home/nvidia/vcii/wudi/Box_AD/install/Box_AD/lib/Box_AD
Installing local_path_planner_node script to /home/nvidia/vcii/wudi/Box_AD/install/Box_AD/lib/Box_AD
Installing local_path_to_follow script to /home/nvidia/vcii/wudi/Box_AD/install/Box_AD/lib/Box_AD
Installing local_path_to_mpc script to /home/nvidia/vcii/wudi/Box_AD/install/Box_AD/lib/Box_AD
Installing local_planner_astar script to /home/nvidia/vcii/wudi/Box_AD/install/Box_AD/lib/Box_AD
Installing mpc_node script to /home/nvidia/vcii/wudi/Box_AD/install/Box_AD/lib/Box_AD
Installing path_visualizer script to /home/nvidia/vcii/wudi/Box_AD/install/Box_AD/lib/Box_AD
Installing png_map_publisher script to /home/nvidia/vcii/wudi/Box_AD/install/Box_AD/lib/Box_AD
Installing publish_imu script to /home/nvidia/vcii/wudi/Box_AD/install/Box_AD/lib/Box_AD
writing list of installed files to '/home/nvidia/vcii/wudi/Box_AD/build/Box_AD/install.log'
